<testsuites id="" name="" tests="3" failures="1" skipped="0" errors="0" time="63.627">
<testsuite name="searchFlighs.spec.ts" timestamp="1657865799195" hostname="" tests="1" failures="0" skipped="0" time="18.772" errors="0">
<testcase name="
Given I was in the login page
When I was login in   
Then I saw the message login success" classname="[chromium] › searchFlighs.spec.ts:6:1 › 
Given I was in the login page
When I was login in   
Then I saw the message login success" time="18.772">
</testcase>
</testsuite>
<testsuite name="searchFlighs.spec.ts" timestamp="1657865799195" hostname="" tests="1" failures="1" skipped="0" time="62.002" errors="0">
<testcase name="
Given I was in the login page
When I was login in   
Then I saw the message login success" classname="[firefox] › searchFlighs.spec.ts:6:1 › 
Given I was in the login page
When I was login in   
Then I saw the message login success" time="62.002">
<failure message="searchFlighs.spec.ts:6:1 
Given I was in the login page
When I was login in   
Then I saw the message login success" type="FAILURE">
<![CDATA[  [firefox] › searchFlighs.spec.ts:6:1 › 
Given I was in the login page
When I was login in   
Then I saw the message login success 

    Error: expect(received).toHaveURL(expected)

    Expected string: "https://www.phptravels.net/flights/en/usd/eoh/cun/oneway/economy/18-07-2022/3/2/1"
    Received string: "https://www.phptravels.net/"
    Call log:
      - expect.toHaveURL with timeout 10000ms
      - waiting for selector ":root"
      -   selector resolved to <html lang="en">…</html>
      -   unexpected value "https://www.phptravels.net/"
      -   selector resolved to <html lang="en">…</html>
      -   unexpected value "https://www.phptravels.net/"
      -   selector resolved to <html lang="en">…</html>
      -   unexpected value "https://www.phptravels.net/"
      -   selector resolved to <html lang="en">…</html>
      -   unexpected value "https://www.phptravels.net/"
      -   selector resolved to <html lang="en">…</html>
      -   unexpected value "https://www.phptravels.net/"
      -   selector resolved to <html lang="en">…</html>
      -   unexpected value "https://www.phptravels.net/"
      -   selector resolved to <html lang="en">…</html>
      -   unexpected value "https://www.phptravels.net/"
      -   selector resolved to <html lang="en">…</html>
      -   unexpected value "https://www.phptravels.net/"
      -   selector resolved to <html lang="en">…</html>
      -   unexpected value "https://www.phptravels.net/"
      -   selector resolved to <html lang="en">…</html>
      -   unexpected value "https://www.phptravels.net/"
      -   selector resolved to <html lang="en">…</html>
      -   unexpected value "https://www.phptravels.net/"
      -   selector resolved to <html lang="en">…</html>
      -   unexpected value "https://www.phptravels.net/"


      13 |   
      14 |   await searchPage.navegate();
    > 15 |   await searchPage.flights();
         |   ^
      16 |
      17 |
      18 | });

        at SearchPage.flights (C:\Users\jpmor\Desktop\Semillero_git\Semillero2022\MiTrabajoJuanPabloMora\playWrightpom\scr\pagePhptravels\SearchPage.ts:44:29)
        at C:\Users\jpmor\Desktop\Semillero_git\Semillero2022\MiTrabajoJuanPabloMora\playWrightpom\tests\searchFlighs.spec.ts:15:3

    attachment #1: screenshot (image/png) ----------------------------------------------------------
    test-results\searchFlighs--Given-I-was-in-the-login-page-When-I-was-login-in-Then-I-saw-the-message-login-success-firefox\test-failed-1.png
    ------------------------------------------------------------------------------------------------

    Retry #1 ---------------------------------------------------------------------------------------

    Timeout of 30000ms exceeded.

    locator.dblclick: Target closed
    =========================== logs ===========================
    waiting for selector ".col-lg-1 > .input-box > .form-group > .dropdown > .dropdown-menu > div:nth-child(2) > .qty-box > .qtyBtn > .qtyInc > .la"
      selector resolved to hidden <i class="la la-plus"></i>
    attempting dblclick action
      waiting for element to be visible, enabled and stable
        element is not visible - waiting...
    ============================================================

      13 |   
      14 |   await searchPage.navegate();
    > 15 |   await searchPage.flights();
         |   ^
      16 |
      17 |
      18 | });

        at SearchPage.flights (C:\Users\jpmor\Desktop\Semillero_git\Semillero2022\MiTrabajoJuanPabloMora\playWrightpom\scr\pagePhptravels\SearchPage.ts:39:154)
        at C:\Users\jpmor\Desktop\Semillero_git\Semillero2022\MiTrabajoJuanPabloMora\playWrightpom\tests\searchFlighs.spec.ts:15:3

    Pending operations:
      - locator.dblclick at scr\pagePhptravels\SearchPage.ts:39:154


    attachment #1: video (video/webm) --------------------------------------------------------------
    test-results\searchFlighs--Given-I-was-in-the-login-page-When-I-was-login-in-Then-I-saw-the-message-login-success-firefox-retry1\video.webm
    ------------------------------------------------------------------------------------------------

    attachment #2: trace (application/zip) ---------------------------------------------------------
    test-results\searchFlighs--Given-I-was-in-the-login-page-When-I-was-login-in-Then-I-saw-the-message-login-success-firefox-retry1\trace.zip
    Usage:

        npx playwright show-trace test-results\searchFlighs--Given-I-was-in-the-login-page-When-I-was-login-in-Then-I-saw-the-message-login-success-firefox-retry1\trace.zip

    ------------------------------------------------------------------------------------------------

    attachment #3: screenshot (image/png) ----------------------------------------------------------
    test-results\searchFlighs--Given-I-was-in-the-login-page-When-I-was-login-in-Then-I-saw-the-message-login-success-firefox-retry1\test-failed-1.png
    ------------------------------------------------------------------------------------------------
]]>
</failure>
<system-out>
<![CDATA[
[[ATTACHMENT|..\test-results\searchFlighs--Given-I-was-in-the-login-page-When-I-was-login-in-Then-I-saw-the-message-login-success-firefox\test-failed-1.png]]

[[ATTACHMENT|..\test-results\searchFlighs--Given-I-was-in-the-login-page-When-I-was-login-in-Then-I-saw-the-message-login-success-firefox-retry1\video.webm]]

[[ATTACHMENT|..\test-results\searchFlighs--Given-I-was-in-the-login-page-When-I-was-login-in-Then-I-saw-the-message-login-success-firefox-retry1\trace.zip]]

[[ATTACHMENT|..\test-results\searchFlighs--Given-I-was-in-the-login-page-When-I-was-login-in-Then-I-saw-the-message-login-success-firefox-retry1\test-failed-1.png]]
]]>
</system-out>
</testcase>
</testsuite>
<testsuite name="searchFlighs.spec.ts" timestamp="1657865799195" hostname="" tests="1" failures="0" skipped="0" time="25.875" errors="0">
<testcase name="
Given I was in the login page
When I was login in   
Then I saw the message login success" classname="[webkit] › searchFlighs.spec.ts:6:1 › 
Given I was in the login page
When I was login in   
Then I saw the message login success" time="25.875">
</testcase>
</testsuite>
</testsuites>